<?xml version="1.0" encoding="UTF-8"?>
<testsuite xmlns:xsi="http://www.w3.org/2001/XMLSchema-instance" xsi:noNamespaceSchemaLocation="https://maven.apache.org/surefire/maven-surefire-plugin/xsd/surefire-test-report-3.0.xsd" version="3.0" name="TestSuite" time="138.206" tests="25" errors="0" skipped="0" failures="1">
  <properties>
[...]
</properties>
  <testcase name="TC_CreateNewCampaing" classname="testcases.TC_CreateNewCampaing" time="5.94">
    <failure message="&#10;Cannot inject @Test annotated Method [TC_CreateNewCampaing] with [interface org.openqa.selenium.WebDriver].&#10;For more information on native dependency injection please refer to https://testng.org/doc/documentation-main.html#native-dependency-injection" type="org.testng.TestNGException"><![CDATA[org.testng.TestNGException: 

Cannot inject @Test annotated Method [TC_CreateNewCampaing] with [interface org.openqa.selenium.WebDriver].
For more information on native dependency injection please refer to https://testng.org/doc/documentation-main.html#native-dependency-injection
	at org.testng.internal.Parameters.checkParameterTypes(Parameters.java:436)
	at org.testng.internal.Parameters.createParametersForMethod(Parameters.java:350)
	at org.testng.internal.Parameters.createParameters(Parameters.java:693)
	at org.testng.internal.Parameters.handleParameters(Parameters.java:879)
	at org.testng.internal.Parameters.handleParameters(Parameters.java:728)
	at org.testng.internal.invokers.ParameterHandler.handleParameters(ParameterHandler.java:72)
	at org.testng.internal.invokers.ParameterHandler.createParameters(ParameterHandler.java:51)
	at org.testng.internal.invokers.TestInvoker$MethodInvocationAgent.invoke(TestInvoker.java:924)
	at org.testng.internal.invokers.TestInvoker.invokeTestMethods(TestInvoker.java:194)
	at org.testng.internal.invokers.TestMethodWorker.invokeTestMethods(TestMethodWorker.java:148)
	at org.testng.internal.invokers.TestMethodWorker.run(TestMethodWorker.java:128)
	at java.base/java.util.ArrayList.forEach(ArrayList.java:1511)
	at org.testng.TestRunner.privateRun(TestRunner.java:829)
	at org.testng.TestRunner.run(TestRunner.java:602)
	at org.testng.SuiteRunner.runTest(SuiteRunner.java:437)
	at org.testng.SuiteRunner.runSequentially(SuiteRunner.java:431)
	at org.testng.SuiteRunner.privateRun(SuiteRunner.java:391)
	at org.testng.SuiteRunner.run(SuiteRunner.java:330)
	at org.testng.SuiteRunnerWorker.runSuite(SuiteRunnerWorker.java:52)
	at org.testng.SuiteRunnerWorker.run(SuiteRunnerWorker.java:95)
	at org.testng.TestNG.runSuitesSequentially(TestNG.java:1256)
	at org.testng.TestNG.runSuitesLocally(TestNG.java:1176)
	at org.testng.TestNG.runSuites(TestNG.java:1099)
	at org.testng.TestNG.run(TestNG.java:1067)
	at org.apache.maven.surefire.testng.TestNGExecutor.run(TestNGExecutor.java:324)
	at org.apache.maven.surefire.testng.TestNGXmlTestSuite.execute(TestNGXmlTestSuite.java:74)
	at org.apache.maven.surefire.testng.TestNGProvider.invoke(TestNGProvider.java:123)
	at org.apache.maven.surefire.booter.ForkedBooter.runSuitesInProcess(ForkedBooter.java:456)
	at org.apache.maven.surefire.booter.ForkedBooter.execute(ForkedBooter.java:169)
	at org.apache.maven.surefire.booter.ForkedBooter.run(ForkedBooter.java:595)
	at org.apache.maven.surefire.booter.ForkedBooter.main(ForkedBooter.java:581)
]]></failure>
    <system-out><![CDATA[test0444
]]></system-out>
    <system-err><![CDATA[SLF4J: No SLF4J providers were found.
SLF4J: Defaulting to no-operation (NOP) logger implementation
SLF4J: See https://www.slf4j.org/codes.html#noProviders for further details.
Starting ChromeDriver 129.0.6668.89 (951c0b97221f8d4ba37cf97d324505c832251cf9-refs/branch-heads/6668@{#1503}) on port 17336
Only local connections are allowed.
Please see https://chromedriver.chromium.org/security-considerations for suggestions on keeping ChromeDriver safe.
ChromeDriver was started successfully on port 17336.
Oct 04, 2024 12:05:04 PM org.openqa.selenium.remote.ProtocolHandshake createSession
INFO: Detected dialect: W3C
]]></system-err>
  </testcase>
  <testcase name="logging_aims" classname="testcases.TC_CreateNewCampaing" time="14.351">
    <system-out><![CDATA[test
usernamesandunj
pwOctober@#1447
test1
test3 failed screen short
screen short save successfuly
pathC:\Users\sandunj\eclipse-workspace\CMSautomation1\FailedTestsScreenshots\ AIMS_LOGGING.jpg20241004120523.png
]]></system-out>
    <system-err><![CDATA[ERROR StatusLogger Log4j2 could not find a logging implementation. Please add log4j-core to the classpath. Using SimpleLogger to log to the console...
]]></system-err>
  </testcase>
  <testcase name="selectcms" classname="testcases.TC_CreateNewCampaing" time="2.123">
    <system-out><![CDATA[test05
test06
]]></system-out>
  </testcase>
  <testcase name="clickoncampaingmangemnt" classname="testcases.TC_CreateNewCampaing" time="2.915">
    <system-out><![CDATA[56779
testing xpath
]]></system-out>
  </testcase>
  <testcase name="newcampaing" classname="testcases.TC_CreateNewCampaing" time="2.141">
    <system-out><![CDATA[test05
test06
]]></system-out>
  </testcase>
  <testcase name="enterCampagintitle" classname="testcases.TC_CreateNewCampaing" time="2.217">
    <system-out><![CDATA[test08
dsdsdAutomation campaign01
campaignnameAutomation campaign01
]]></system-out>
  </testcase>
  <testcase name="enterCampagintype" classname="testcases.TC_CreateNewCampaing" time="2.431">
    <system-out><![CDATA[test08
]]></system-out>
  </testcase>
  <testcase name="enterCampagin_catagory" classname="testcases.TC_CreateNewCampaing" time="2.224">
    <system-out><![CDATA[test08
]]></system-out>
  </testcase>
  <testcase name="enterCampagin_modeselect" classname="testcases.TC_CreateNewCampaing" time="2.177">
    <system-out><![CDATA[test08
]]></system-out>
  </testcase>
  <testcase name="enterCampagin_discriptnrnter" classname="testcases.TC_CreateNewCampaing" time="2.155">
    <system-out><![CDATA[test08
discirptionAutomation campaign01
]]></system-out>
  </testcase>
  <testcase name="enterCampagin_fileupload" classname="testcases.TC_CreateNewCampaing" time="3.185">
    <system-out><![CDATA[test08
window close
]]></system-out>
  </testcase>
  <testcase name="enterCampagin_dilvaryrate" classname="testcases.TC_CreateNewCampaing" time="0.083">
    <system-out><![CDATA[set dilvary rate
deliveryRate80
]]></system-out>
  </testcase>
  <testcase name="clickon_next_genralinforTo_awarnessinfor" classname="testcases.TC_CreateNewCampaing" time="0.071">
    <system-out><![CDATA[nextgeneralinfor
]]></system-out>
  </testcase>
  <testcase name="Fillawarenesssinfortitle" classname="testcases.TC_CreateNewCampaing" time="2.195">
    <system-out><![CDATA[test08
]]></system-out>
  </testcase>
  <testcase name="Fillawarenesssinforselectchannel" classname="testcases.TC_CreateNewCampaing" time="3.282">
    <system-out><![CDATA[test08
]]></system-out>
  </testcase>
  <testcase name="Fillawarenesssinforgetlangue" classname="testcases.TC_CreateNewCampaing" time="2.068">
    <system-out><![CDATA[test08
language
]]></system-out>
  </testcase>
  <testcase name="Fillawarenesssinforsetaudiunce" classname="testcases.TC_CreateNewCampaing" time="3.254">
    <system-out><![CDATA[test14
AUD20231113013 - Test Aud 1By.id: testAudience
]]></system-out>
  </testcase>
  <testcase name="clickcheckaudiancebutton" classname="testcases.TC_CreateNewCampaing" time="2.103">
    <system-out><![CDATA[test09
click on audincecheckbitton
]]></system-out>
  </testcase>
  <testcase name="clickcheckaudiancecheckbox" classname="testcases.TC_CreateNewCampaing" time="2.087">
    <system-out><![CDATA[test10
click on checkboxclick
]]></system-out>
  </testcase>
  <testcase name="clickcheckaudianceselecttestaudince" classname="testcases.TC_CreateNewCampaing" time="3.34">
    <system-out><![CDATA[test11
test1122
AUD20231113027 - senali cmp actual audBy.id: testAudience
]]></system-out>
  </testcase>
  <testcase name="Fillawarenesssinfor_enterdiscriptionenter" classname="testcases.TC_CreateNewCampaing" time="2.088">
    <system-out><![CDATA[test10
enter discription
]]></system-out>
  </testcase>
  <testcase name="Fillawarenesssinfor_clicknextr" classname="testcases.TC_CreateNewCampaing" time="2.102">
    <system-out><![CDATA[test10
enter next
]]></system-out>
  </testcase>
  <testcase name="NewCampain_AwarenessRule" classname="testcases.TC_CreateNewCampaing" time="2.476">
    <system-out><![CDATA[test08
]]></system-out>
  </testcase>
  <testcase name="Fillawarenessrule_time_rule" classname="testcases.TC_CreateNewCampaing" time="2.261">
    <system-out><![CDATA[test08
]]></system-out>
  </testcase>
  <testcase name="Fillawarenessrule_nextclick" classname="testcases.TC_CreateNewCampaing" time="2.098">
    <system-out><![CDATA[test08
]]></system-out>
  </testcase>
</testsuite>