<?xml version="1.0" encoding="UTF-8"?>
<testng-results ignored="0" total="28" passed="24" failed="4" skipped="0">
  <reporter-output>
  </reporter-output>
  <suite started-at="2024-10-15T14:47:01 IST" name="CMSproject" finished-at="2024-10-15T14:49:21 IST" duration-ms="139954">
    <groups>
    </groups>
    <test started-at="2024-10-15T14:47:01 IST" name="Create New Campaing" finished-at="2024-10-15T14:49:21 IST" duration-ms="139954">
      <class name="testcases.TC_CreateNewCampaing">
        <test-method is-config="true" signature="beforeclass()[pri:0, instance:testcases.TC_CreateNewCampaing@793f29ff]" started-at="2024-10-15T14:47:01 IST" name="beforeclass" finished-at="2024-10-15T14:47:12 IST" duration-ms="10484" status="PASS">
          <reporter-output>
          </reporter-output>
        </test-method> <!-- beforeclass -->
        <test-method signature="TC_CreateNewCampaing(org.openqa.selenium.WebDriver)[pri:0, instance:testcases.TC_CreateNewCampaing@793f29ff]" started-at="2024-10-15T14:47:12 IST" name="TC_CreateNewCampaing" finished-at="2024-10-15T14:47:12 IST" duration-ms="0" status="FAIL">
          <exception class="org.testng.TestNGException">
            <message>
              <![CDATA[
Cannot inject @Test annotated Method [TC_CreateNewCampaing] with [interface org.openqa.selenium.WebDriver].
For more information on native dependency injection please refer to https://testng.org/doc/documentation-main.html#native-dependency-injection]]>
            </message>
            <full-stacktrace>
              <![CDATA[org.testng.TestNGException: 
Cannot inject @Test annotated Method [TC_CreateNewCampaing] with [interface org.openqa.selenium.WebDriver].
For more information on native dependency injection please refer to https://testng.org/doc/documentation-main.html#native-dependency-injection
at org.testng.internal.Parameters.checkParameterTypes(Parameters.java:436)
at org.testng.internal.Parameters.createParametersForMethod(Parameters.java:350)
at org.testng.internal.Parameters.createParameters(Parameters.java:693)
at org.testng.internal.Parameters.handleParameters(Parameters.java:879)
at org.testng.internal.Parameters.handleParameters(Parameters.java:728)
at org.testng.internal.invokers.ParameterHandler.handleParameters(ParameterHandler.java:72)
at org.testng.internal.invokers.ParameterHandler.createParameters(ParameterHandler.java:51)
at org.testng.internal.invokers.TestInvoker$MethodInvocationAgent.invoke(TestInvoker.java:924)
at org.testng.internal.invokers.TestInvoker.invokeTestMethods(TestInvoker.java:194)
at org.testng.internal.invokers.TestMethodWorker.invokeTestMethods(TestMethodWorker.java:148)
at org.testng.internal.invokers.TestMethodWorker.run(TestMethodWorker.java:128)
at java.base/java.util.ArrayList.forEach(ArrayList.java:1511)
at org.testng.TestRunner.privateRun(TestRunner.java:829)
at org.testng.TestRunner.run(TestRunner.java:602)
at org.testng.SuiteRunner.runTest(SuiteRunner.java:437)
at org.testng.SuiteRunner.runSequentially(SuiteRunner.java:431)
at org.testng.SuiteRunner.privateRun(SuiteRunner.java:391)
at org.testng.SuiteRunner.run(SuiteRunner.java:330)
at org.testng.SuiteRunnerWorker.runSuite(SuiteRunnerWorker.java:52)
at org.testng.SuiteRunnerWorker.run(SuiteRunnerWorker.java:95)
at org.testng.TestNG.runSuitesSequentially(TestNG.java:1256)
at org.testng.TestNG.runSuitesLocally(TestNG.java:1176)
at org.testng.TestNG.runSuites(TestNG.java:1099)
at org.testng.TestNG.run(TestNG.java:1067)
at org.testng.remote.AbstractRemoteTestNG.run(AbstractRemoteTestNG.java:115)
at org.testng.remote.RemoteTestNG.initAndRun(RemoteTestNG.java:251)
at org.testng.remote.RemoteTestNG.main(RemoteTestNG.java:77)
]]>
            </full-stacktrace>
          </exception> <!-- org.testng.TestNGException -->
          <reporter-output>
          </reporter-output>
        </test-method> <!-- TC_CreateNewCampaing -->
        <test-method signature="logging_aims()[pri:1, instance:testcases.TC_CreateNewCampaing@793f29ff]" started-at="2024-10-15T14:47:12 IST" name="logging_aims" finished-at="2024-10-15T14:47:25 IST" duration-ms="13254" status="PASS">
          <reporter-output>
          </reporter-output>
        </test-method> <!-- logging_aims -->
        <test-method signature="selectcms()[pri:2, instance:testcases.TC_CreateNewCampaing@793f29ff]" started-at="2024-10-15T14:47:25 IST" name="selectcms" finished-at="2024-10-15T14:47:27 IST" duration-ms="2105" status="PASS">
          <reporter-output>
          </reporter-output>
        </test-method> <!-- selectcms -->
        <test-method signature="clickoncampaingmangemnt()[pri:3, instance:testcases.TC_CreateNewCampaing@793f29ff]" started-at="2024-10-15T14:47:27 IST" name="clickoncampaingmangemnt" finished-at="2024-10-15T14:47:29 IST" duration-ms="2192" status="PASS">
          <reporter-output>
          </reporter-output>
        </test-method> <!-- clickoncampaingmangemnt -->
        <test-method signature="newcampaing()[pri:4, instance:testcases.TC_CreateNewCampaing@793f29ff]" started-at="2024-10-15T14:47:29 IST" name="newcampaing" finished-at="2024-10-15T14:47:31 IST" duration-ms="2133" status="PASS">
          <reporter-output>
          </reporter-output>
        </test-method> <!-- newcampaing -->
        <test-method signature="enterCampagintitle()[pri:5, instance:testcases.TC_CreateNewCampaing@793f29ff]" started-at="2024-10-15T14:47:31 IST" name="enterCampagintitle" finished-at="2024-10-15T14:47:34 IST" duration-ms="2196" status="PASS">
          <reporter-output>
          </reporter-output>
        </test-method> <!-- enterCampagintitle -->
        <test-method signature="enterCampagintype()[pri:6, instance:testcases.TC_CreateNewCampaing@793f29ff]" started-at="2024-10-15T14:47:34 IST" name="enterCampagintype" finished-at="2024-10-15T14:47:36 IST" duration-ms="2261" status="PASS">
          <reporter-output>
          </reporter-output>
        </test-method> <!-- enterCampagintype -->
        <test-method signature="enterCampagin_catagory()[pri:7, instance:testcases.TC_CreateNewCampaing@793f29ff]" started-at="2024-10-15T14:47:36 IST" name="enterCampagin_catagory" finished-at="2024-10-15T14:47:38 IST" duration-ms="2166" status="PASS">
          <reporter-output>
          </reporter-output>
        </test-method> <!-- enterCampagin_catagory -->
        <test-method signature="enterCampagin_modeselect()[pri:8, instance:testcases.TC_CreateNewCampaing@793f29ff]" started-at="2024-10-15T14:47:38 IST" name="enterCampagin_modeselect" finished-at="2024-10-15T14:47:40 IST" duration-ms="2135" status="PASS">
          <reporter-output>
          </reporter-output>
        </test-method> <!-- enterCampagin_modeselect -->
        <test-method signature="enterCampagin_discriptnrnter()[pri:9, instance:testcases.TC_CreateNewCampaing@793f29ff]" started-at="2024-10-15T14:47:40 IST" name="enterCampagin_discriptnrnter" finished-at="2024-10-15T14:47:42 IST" duration-ms="2164" status="PASS">
          <reporter-output>
          </reporter-output>
        </test-method> <!-- enterCampagin_discriptnrnter -->
        <test-method signature="enterCampagin_fileupload()[pri:10, instance:testcases.TC_CreateNewCampaing@793f29ff]" started-at="2024-10-15T14:47:42 IST" name="enterCampagin_fileupload" finished-at="2024-10-15T14:47:46 IST" duration-ms="3205" status="PASS">
          <reporter-output>
          </reporter-output>
        </test-method> <!-- enterCampagin_fileupload -->
        <test-method signature="enterCampagin_dilvaryrate()[pri:11, instance:testcases.TC_CreateNewCampaing@793f29ff]" started-at="2024-10-15T14:47:46 IST" name="enterCampagin_dilvaryrate" finished-at="2024-10-15T14:47:46 IST" duration-ms="73" status="PASS">
          <reporter-output>
          </reporter-output>
        </test-method> <!-- enterCampagin_dilvaryrate -->
        <test-method signature="clickon_next_genralinforTo_awarnessinfor()[pri:12, instance:testcases.TC_CreateNewCampaing@793f29ff]" started-at="2024-10-15T14:47:46 IST" name="clickon_next_genralinforTo_awarnessinfor" finished-at="2024-10-15T14:47:46 IST" duration-ms="66" status="PASS">
          <reporter-output>
          </reporter-output>
        </test-method> <!-- clickon_next_genralinforTo_awarnessinfor -->
        <test-method signature="Fillawarenesssinfortitle()[pri:13, instance:testcases.TC_CreateNewCampaing@793f29ff]" started-at="2024-10-15T14:47:46 IST" name="Fillawarenesssinfortitle" finished-at="2024-10-15T14:47:48 IST" duration-ms="2153" status="PASS">
          <reporter-output>
          </reporter-output>
        </test-method> <!-- Fillawarenesssinfortitle -->
        <test-method signature="Fillawarenesssinforselectchannel()[pri:14, instance:testcases.TC_CreateNewCampaing@793f29ff]" started-at="2024-10-15T14:47:48 IST" name="Fillawarenesssinforselectchannel" finished-at="2024-10-15T14:47:51 IST" duration-ms="3232" status="PASS">
          <reporter-output>
          </reporter-output>
        </test-method> <!-- Fillawarenesssinforselectchannel -->
        <test-method signature="Fillawarenesssinforgetlangue()[pri:15, instance:testcases.TC_CreateNewCampaing@793f29ff]" started-at="2024-10-15T14:47:51 IST" name="Fillawarenesssinforgetlangue" finished-at="2024-10-15T14:47:53 IST" duration-ms="2047" status="PASS">
          <reporter-output>
          </reporter-output>
        </test-method> <!-- Fillawarenesssinforgetlangue -->
        <test-method signature="Fillawarenesssinforsetaudiunce()[pri:16, instance:testcases.TC_CreateNewCampaing@793f29ff]" started-at="2024-10-15T14:47:53 IST" name="Fillawarenesssinforsetaudiunce" finished-at="2024-10-15T14:47:56 IST" duration-ms="3201" status="PASS">
          <reporter-output>
          </reporter-output>
        </test-method> <!-- Fillawarenesssinforsetaudiunce -->
        <test-method signature="clickcheckaudiancebutton()[pri:17, instance:testcases.TC_CreateNewCampaing@793f29ff]" started-at="2024-10-15T14:47:56 IST" name="clickcheckaudiancebutton" finished-at="2024-10-15T14:47:58 IST" duration-ms="2067" status="PASS">
          <reporter-output>
          </reporter-output>
        </test-method> <!-- clickcheckaudiancebutton -->
        <test-method signature="clickcheckaudiancecheckbox()[pri:18, instance:testcases.TC_CreateNewCampaing@793f29ff]" started-at="2024-10-15T14:47:58 IST" name="clickcheckaudiancecheckbox" finished-at="2024-10-15T14:48:01 IST" duration-ms="2068" status="PASS">
          <reporter-output>
          </reporter-output>
        </test-method> <!-- clickcheckaudiancecheckbox -->
        <test-method signature="clickcheckaudianceselecttestaudince()[pri:19, instance:testcases.TC_CreateNewCampaing@793f29ff]" started-at="2024-10-15T14:48:01 IST" name="clickcheckaudianceselecttestaudince" finished-at="2024-10-15T14:48:04 IST" duration-ms="3254" status="PASS">
          <reporter-output>
          </reporter-output>
        </test-method> <!-- clickcheckaudianceselecttestaudince -->
        <test-method signature="Fillawarenesssinfor_enterdiscriptionenter()[pri:20, instance:testcases.TC_CreateNewCampaing@793f29ff]" started-at="2024-10-15T14:48:04 IST" name="Fillawarenesssinfor_enterdiscriptionenter" finished-at="2024-10-15T14:48:06 IST" duration-ms="2100" status="PASS">
          <reporter-output>
          </reporter-output>
        </test-method> <!-- Fillawarenesssinfor_enterdiscriptionenter -->
        <test-method signature="Fillawarenesssinfor_clicknextr()[pri:21, instance:testcases.TC_CreateNewCampaing@793f29ff]" started-at="2024-10-15T14:48:06 IST" name="Fillawarenesssinfor_clicknextr" finished-at="2024-10-15T14:48:08 IST" duration-ms="2079" status="PASS">
          <reporter-output>
          </reporter-output>
        </test-method> <!-- Fillawarenesssinfor_clicknextr -->
        <test-method signature="NewCampain_AwarenessRule()[pri:22, instance:testcases.TC_CreateNewCampaing@793f29ff]" started-at="2024-10-15T14:48:08 IST" name="NewCampain_AwarenessRule" finished-at="2024-10-15T14:48:10 IST" duration-ms="2454" status="PASS">
          <reporter-output>
          </reporter-output>
        </test-method> <!-- NewCampain_AwarenessRule -->
        <test-method signature="Fillawarenessrule_time_rule()[pri:23, instance:testcases.TC_CreateNewCampaing@793f29ff]" started-at="2024-10-15T14:48:10 IST" name="Fillawarenessrule_time_rule" finished-at="2024-10-15T14:48:13 IST" duration-ms="2228" status="PASS">
          <reporter-output>
          </reporter-output>
        </test-method> <!-- Fillawarenessrule_time_rule -->
        <test-method signature="Fillawarenessrule_nextclick()[pri:25, instance:testcases.TC_CreateNewCampaing@793f29ff]" started-at="2024-10-15T14:48:13 IST" name="Fillawarenessrule_nextclick" finished-at="2024-10-15T14:48:15 IST" duration-ms="2069" status="PASS">
          <reporter-output>
          </reporter-output>
        </test-method> <!-- Fillawarenessrule_nextclick -->
        <test-method signature="setapprover_newcampaiging()[pri:26, instance:testcases.TC_CreateNewCampaing@793f29ff]" started-at="2024-10-15T14:48:15 IST" name="setapprover_newcampaiging" finished-at="2024-10-15T14:48:37 IST" duration-ms="22106" status="FAIL">
          <exception class="org.openqa.selenium.NoSuchElementException">
            <message>
              <![CDATA[no such element: Unable to locate element: {"method":"xpath","selector":"//span[contains(text(),"Search by Employee Name or Email")]"}
  (Session info: chrome=129.0.6668.100)
For documentation on this error, please visit: https://www.seleniumhq.org/exceptions/no_such_element.html
Build info: version: '3.141.59', revision: 'e82be7d358', time: '2018-11-14T08:17:03'
System info: host: 'HOISL_SANDUNJ', ip: '10.5.84.188', os.name: 'Windows 10', os.arch: 'amd64', os.version: '10.0', java.version: '17.0.3'
Driver info: org.openqa.selenium.chrome.ChromeDriver
Capabilities {acceptInsecureCerts: true, browserName: chrome, browserVersion: 129.0.6668.100, chrome: {chromedriverVersion: 129.0.6668.100 (cf58cba358d..., userDataDir: C:\Users\sandunj\AppData\Lo...}, fedcm:accounts: true, goog:chromeOptions: {debuggerAddress: localhost:50386}, javascriptEnabled: true, networkConnectionEnabled: false, pageLoadStrategy: normal, platform: WINDOWS, platformName: WINDOWS, proxy: Proxy(), setWindowRect: true, strictFileInteractability: false, timeouts: {implicit: 0, pageLoad: 300000, script: 30000}, unhandledPromptBehavior: dismiss and notify, webauthn:extension:credBlob: true, webauthn:extension:largeBlob: true, webauthn:extension:minPinLength: true, webauthn:extension:prf: true, webauthn:virtualAuthenticators: true}
Session ID: 4422370ec4a8f0cd5b75959e56ef2738
*** Element info: {Using=xpath, value=//span[contains(text(),"Search by Employee Name or Email")]}]]>
            </message>
            <full-stacktrace>
              <![CDATA[org.openqa.selenium.NoSuchElementException: no such element: Unable to locate element: {"method":"xpath","selector":"//span[contains(text(),"Search by Employee Name or Email")]"}
  (Session info: chrome=129.0.6668.100)
For documentation on this error, please visit: https://www.seleniumhq.org/exceptions/no_such_element.html
Build info: version: '3.141.59', revision: 'e82be7d358', time: '2018-11-14T08:17:03'
System info: host: 'HOISL_SANDUNJ', ip: '10.5.84.188', os.name: 'Windows 10', os.arch: 'amd64', os.version: '10.0', java.version: '17.0.3'
Driver info: org.openqa.selenium.chrome.ChromeDriver
Capabilities {acceptInsecureCerts: true, browserName: chrome, browserVersion: 129.0.6668.100, chrome: {chromedriverVersion: 129.0.6668.100 (cf58cba358d..., userDataDir: C:\Users\sandunj\AppData\Lo...}, fedcm:accounts: true, goog:chromeOptions: {debuggerAddress: localhost:50386}, javascriptEnabled: true, networkConnectionEnabled: false, pageLoadStrategy: normal, platform: WINDOWS, platformName: WINDOWS, proxy: Proxy(), setWindowRect: true, strictFileInteractability: false, timeouts: {implicit: 0, pageLoad: 300000, script: 30000}, unhandledPromptBehavior: dismiss and notify, webauthn:extension:credBlob: true, webauthn:extension:largeBlob: true, webauthn:extension:minPinLength: true, webauthn:extension:prf: true, webauthn:virtualAuthenticators: true}
Session ID: 4422370ec4a8f0cd5b75959e56ef2738
*** Element info: {Using=xpath, value=//span[contains(text(),"Search by Employee Name or Email")]}
at java.base/jdk.internal.reflect.NativeConstructorAccessorImpl.newInstance0(Native Method)
at java.base/jdk.internal.reflect.NativeConstructorAccessorImpl.newInstance(NativeConstructorAccessorImpl.java:77)
at java.base/jdk.internal.reflect.DelegatingConstructorAccessorImpl.newInstance(DelegatingConstructorAccessorImpl.java:45)
at java.base/java.lang.reflect.Constructor.newInstanceWithCaller(Constructor.java:499)
at java.base/java.lang.reflect.Constructor.newInstance(Constructor.java:480)
at org.openqa.selenium.remote.http.W3CHttpResponseCodec.createException(W3CHttpResponseCodec.java:187)
at org.openqa.selenium.remote.http.W3CHttpResponseCodec.decode(W3CHttpResponseCodec.java:122)
at org.openqa.selenium.remote.http.W3CHttpResponseCodec.decode(W3CHttpResponseCodec.java:49)
at org.openqa.selenium.remote.HttpCommandExecutor.execute(HttpCommandExecutor.java:158)
at org.openqa.selenium.remote.service.DriverCommandExecutor.execute(DriverCommandExecutor.java:83)
at org.openqa.selenium.remote.RemoteWebDriver.execute(RemoteWebDriver.java:552)
at org.openqa.selenium.remote.RemoteWebDriver.findElement(RemoteWebDriver.java:323)
at org.openqa.selenium.remote.RemoteWebDriver.findElementByXPath(RemoteWebDriver.java:428)
at org.openqa.selenium.By$ByXPath.findElement(By.java:353)
at org.openqa.selenium.remote.RemoteWebDriver.findElement(RemoteWebDriver.java:315)
at pages.NewCampaingSetApprover.setapprover(NewCampaingSetApprover.java:28)
at testcases.TC_CreateNewCampaing.setapprover_newcampaiging(TC_CreateNewCampaing.java:319)
at java.base/jdk.internal.reflect.NativeMethodAccessorImpl.invoke0(Native Method)
at java.base/jdk.internal.reflect.NativeMethodAccessorImpl.invoke(NativeMethodAccessorImpl.java:77)
at java.base/jdk.internal.reflect.DelegatingMethodAccessorImpl.invoke(DelegatingMethodAccessorImpl.java:43)
at java.base/java.lang.reflect.Method.invoke(Method.java:568)
at org.testng.internal.invokers.MethodInvocationHelper.invokeMethod(MethodInvocationHelper.java:139)
at org.testng.internal.invokers.TestInvoker.invokeMethod(TestInvoker.java:677)
at org.testng.internal.invokers.TestInvoker.invokeTestMethod(TestInvoker.java:221)
at org.testng.internal.invokers.MethodRunner.runInSequence(MethodRunner.java:50)
at org.testng.internal.invokers.TestInvoker$MethodInvocationAgent.invoke(TestInvoker.java:969)
at org.testng.internal.invokers.TestInvoker.invokeTestMethods(TestInvoker.java:194)
at org.testng.internal.invokers.TestMethodWorker.invokeTestMethods(TestMethodWorker.java:148)
at org.testng.internal.invokers.TestMethodWorker.run(TestMethodWorker.java:128)
at java.base/java.util.ArrayList.forEach(ArrayList.java:1511)
at org.testng.TestRunner.privateRun(TestRunner.java:829)
at org.testng.TestRunner.run(TestRunner.java:602)
at org.testng.SuiteRunner.runTest(SuiteRunner.java:437)
at org.testng.SuiteRunner.runSequentially(SuiteRunner.java:431)
at org.testng.SuiteRunner.privateRun(SuiteRunner.java:391)
at org.testng.SuiteRunner.run(SuiteRunner.java:330)
at org.testng.SuiteRunnerWorker.runSuite(SuiteRunnerWorker.java:52)
at org.testng.SuiteRunnerWorker.run(SuiteRunnerWorker.java:95)
at org.testng.TestNG.runSuitesSequentially(TestNG.java:1256)
at org.testng.TestNG.runSuitesLocally(TestNG.java:1176)
at org.testng.TestNG.runSuites(TestNG.java:1099)
at org.testng.TestNG.run(TestNG.java:1067)
at org.testng.remote.AbstractRemoteTestNG.run(AbstractRemoteTestNG.java:115)
at org.testng.remote.RemoteTestNG.initAndRun(RemoteTestNG.java:251)
at org.testng.remote.RemoteTestNG.main(RemoteTestNG.java:77)
]]>
            </full-stacktrace>
          </exception> <!-- org.openqa.selenium.NoSuchElementException -->
          <reporter-output>
          </reporter-output>
        </test-method> <!-- setapprover_newcampaiging -->
        <test-method signature="setapprover_newcampaiging_saveandsend()[pri:27, instance:testcases.TC_CreateNewCampaing@793f29ff]" started-at="2024-10-15T14:48:37 IST" name="setapprover_newcampaiging_saveandsend" finished-at="2024-10-15T14:48:59 IST" duration-ms="22043" status="FAIL">
          <exception class="org.openqa.selenium.NoSuchElementException">
            <message>
              <![CDATA[no such element: Unable to locate element: {"method":"xpath","selector":"//span[contains(text(),"Save and Send for Approval")]"}
  (Session info: chrome=129.0.6668.100)
For documentation on this error, please visit: https://www.seleniumhq.org/exceptions/no_such_element.html
Build info: version: '3.141.59', revision: 'e82be7d358', time: '2018-11-14T08:17:03'
System info: host: 'HOISL_SANDUNJ', ip: '10.5.84.188', os.name: 'Windows 10', os.arch: 'amd64', os.version: '10.0', java.version: '17.0.3'
Driver info: org.openqa.selenium.chrome.ChromeDriver
Capabilities {acceptInsecureCerts: true, browserName: chrome, browserVersion: 129.0.6668.100, chrome: {chromedriverVersion: 129.0.6668.100 (cf58cba358d..., userDataDir: C:\Users\sandunj\AppData\Lo...}, fedcm:accounts: true, goog:chromeOptions: {debuggerAddress: localhost:50386}, javascriptEnabled: true, networkConnectionEnabled: false, pageLoadStrategy: normal, platform: WINDOWS, platformName: WINDOWS, proxy: Proxy(), setWindowRect: true, strictFileInteractability: false, timeouts: {implicit: 0, pageLoad: 300000, script: 30000}, unhandledPromptBehavior: dismiss and notify, webauthn:extension:credBlob: true, webauthn:extension:largeBlob: true, webauthn:extension:minPinLength: true, webauthn:extension:prf: true, webauthn:virtualAuthenticators: true}
Session ID: 4422370ec4a8f0cd5b75959e56ef2738
*** Element info: {Using=xpath, value=//span[contains(text(),"Save and Send for Approval")]}]]>
            </message>
            <full-stacktrace>
              <![CDATA[org.openqa.selenium.NoSuchElementException: no such element: Unable to locate element: {"method":"xpath","selector":"//span[contains(text(),"Save and Send for Approval")]"}
  (Session info: chrome=129.0.6668.100)
For documentation on this error, please visit: https://www.seleniumhq.org/exceptions/no_such_element.html
Build info: version: '3.141.59', revision: 'e82be7d358', time: '2018-11-14T08:17:03'
System info: host: 'HOISL_SANDUNJ', ip: '10.5.84.188', os.name: 'Windows 10', os.arch: 'amd64', os.version: '10.0', java.version: '17.0.3'
Driver info: org.openqa.selenium.chrome.ChromeDriver
Capabilities {acceptInsecureCerts: true, browserName: chrome, browserVersion: 129.0.6668.100, chrome: {chromedriverVersion: 129.0.6668.100 (cf58cba358d..., userDataDir: C:\Users\sandunj\AppData\Lo...}, fedcm:accounts: true, goog:chromeOptions: {debuggerAddress: localhost:50386}, javascriptEnabled: true, networkConnectionEnabled: false, pageLoadStrategy: normal, platform: WINDOWS, platformName: WINDOWS, proxy: Proxy(), setWindowRect: true, strictFileInteractability: false, timeouts: {implicit: 0, pageLoad: 300000, script: 30000}, unhandledPromptBehavior: dismiss and notify, webauthn:extension:credBlob: true, webauthn:extension:largeBlob: true, webauthn:extension:minPinLength: true, webauthn:extension:prf: true, webauthn:virtualAuthenticators: true}
Session ID: 4422370ec4a8f0cd5b75959e56ef2738
*** Element info: {Using=xpath, value=//span[contains(text(),"Save and Send for Approval")]}
at java.base/jdk.internal.reflect.NativeConstructorAccessorImpl.newInstance0(Native Method)
at java.base/jdk.internal.reflect.NativeConstructorAccessorImpl.newInstance(NativeConstructorAccessorImpl.java:77)
at java.base/jdk.internal.reflect.DelegatingConstructorAccessorImpl.newInstance(DelegatingConstructorAccessorImpl.java:45)
at java.base/java.lang.reflect.Constructor.newInstanceWithCaller(Constructor.java:499)
at java.base/java.lang.reflect.Constructor.newInstance(Constructor.java:480)
at org.openqa.selenium.remote.http.W3CHttpResponseCodec.createException(W3CHttpResponseCodec.java:187)
at org.openqa.selenium.remote.http.W3CHttpResponseCodec.decode(W3CHttpResponseCodec.java:122)
at org.openqa.selenium.remote.http.W3CHttpResponseCodec.decode(W3CHttpResponseCodec.java:49)
at org.openqa.selenium.remote.HttpCommandExecutor.execute(HttpCommandExecutor.java:158)
at org.openqa.selenium.remote.service.DriverCommandExecutor.execute(DriverCommandExecutor.java:83)
at org.openqa.selenium.remote.RemoteWebDriver.execute(RemoteWebDriver.java:552)
at org.openqa.selenium.remote.RemoteWebDriver.findElement(RemoteWebDriver.java:323)
at org.openqa.selenium.remote.RemoteWebDriver.findElementByXPath(RemoteWebDriver.java:428)
at org.openqa.selenium.By$ByXPath.findElement(By.java:353)
at org.openqa.selenium.remote.RemoteWebDriver.findElement(RemoteWebDriver.java:315)
at pages.NewCampaingSetApprover.saveandsendapprover(NewCampaingSetApprover.java:40)
at testcases.TC_CreateNewCampaing.setapprover_newcampaiging_saveandsend(TC_CreateNewCampaing.java:330)
at java.base/jdk.internal.reflect.NativeMethodAccessorImpl.invoke0(Native Method)
at java.base/jdk.internal.reflect.NativeMethodAccessorImpl.invoke(NativeMethodAccessorImpl.java:77)
at java.base/jdk.internal.reflect.DelegatingMethodAccessorImpl.invoke(DelegatingMethodAccessorImpl.java:43)
at java.base/java.lang.reflect.Method.invoke(Method.java:568)
at org.testng.internal.invokers.MethodInvocationHelper.invokeMethod(MethodInvocationHelper.java:139)
at org.testng.internal.invokers.TestInvoker.invokeMethod(TestInvoker.java:677)
at org.testng.internal.invokers.TestInvoker.invokeTestMethod(TestInvoker.java:221)
at org.testng.internal.invokers.MethodRunner.runInSequence(MethodRunner.java:50)
at org.testng.internal.invokers.TestInvoker$MethodInvocationAgent.invoke(TestInvoker.java:969)
at org.testng.internal.invokers.TestInvoker.invokeTestMethods(TestInvoker.java:194)
at org.testng.internal.invokers.TestMethodWorker.invokeTestMethods(TestMethodWorker.java:148)
at org.testng.internal.invokers.TestMethodWorker.run(TestMethodWorker.java:128)
at java.base/java.util.ArrayList.forEach(ArrayList.java:1511)
at org.testng.TestRunner.privateRun(TestRunner.java:829)
at org.testng.TestRunner.run(TestRunner.java:602)
at org.testng.SuiteRunner.runTest(SuiteRunner.java:437)
at org.testng.SuiteRunner.runSequentially(SuiteRunner.java:431)
at org.testng.SuiteRunner.privateRun(SuiteRunner.java:391)
at org.testng.SuiteRunner.run(SuiteRunner.java:330)
at org.testng.SuiteRunnerWorker.runSuite(SuiteRunnerWorker.java:52)
at org.testng.SuiteRunnerWorker.run(SuiteRunnerWorker.java:95)
at org.testng.TestNG.runSuitesSequentially(TestNG.java:1256)
at org.testng.TestNG.runSuitesLocally(TestNG.java:1176)
at org.testng.TestNG.runSuites(TestNG.java:1099)
at org.testng.TestNG.run(TestNG.java:1067)
at org.testng.remote.AbstractRemoteTestNG.run(AbstractRemoteTestNG.java:115)
at org.testng.remote.RemoteTestNG.initAndRun(RemoteTestNG.java:251)
at org.testng.remote.RemoteTestNG.main(RemoteTestNG.java:77)
]]>
            </full-stacktrace>
          </exception> <!-- org.openqa.selenium.NoSuchElementException -->
          <reporter-output>
          </reporter-output>
        </test-method> <!-- setapprover_newcampaiging_saveandsend -->
        <test-method signature="setapprover_newcampaiging_confirmation()[pri:28, instance:testcases.TC_CreateNewCampaing@793f29ff]" started-at="2024-10-15T14:48:59 IST" name="setapprover_newcampaiging_confirmation" finished-at="2024-10-15T14:49:21 IST" duration-ms="22047" status="FAIL">
          <exception class="org.openqa.selenium.ElementNotInteractableException">
            <message>
              <![CDATA[element not interactable
  (Session info: chrome=129.0.6668.100)
Build info: version: '3.141.59', revision: 'e82be7d358', time: '2018-11-14T08:17:03'
System info: host: 'HOISL_SANDUNJ', ip: '10.5.84.188', os.name: 'Windows 10', os.arch: 'amd64', os.version: '10.0', java.version: '17.0.3'
Driver info: org.openqa.selenium.chrome.ChromeDriver
Capabilities {acceptInsecureCerts: true, browserName: chrome, browserVersion: 129.0.6668.100, chrome: {chromedriverVersion: 129.0.6668.100 (cf58cba358d..., userDataDir: C:\Users\sandunj\AppData\Lo...}, fedcm:accounts: true, goog:chromeOptions: {debuggerAddress: localhost:50386}, javascriptEnabled: true, networkConnectionEnabled: false, pageLoadStrategy: normal, platform: WINDOWS, platformName: WINDOWS, proxy: Proxy(), setWindowRect: true, strictFileInteractability: false, timeouts: {implicit: 0, pageLoad: 300000, script: 30000}, unhandledPromptBehavior: dismiss and notify, webauthn:extension:credBlob: true, webauthn:extension:largeBlob: true, webauthn:extension:minPinLength: true, webauthn:extension:prf: true, webauthn:virtualAuthenticators: true}
Session ID: 4422370ec4a8f0cd5b75959e56ef2738]]>
            </message>
            <full-stacktrace>
              <![CDATA[org.openqa.selenium.ElementNotInteractableException: element not interactable
  (Session info: chrome=129.0.6668.100)
Build info: version: '3.141.59', revision: 'e82be7d358', time: '2018-11-14T08:17:03'
System info: host: 'HOISL_SANDUNJ', ip: '10.5.84.188', os.name: 'Windows 10', os.arch: 'amd64', os.version: '10.0', java.version: '17.0.3'
Driver info: org.openqa.selenium.chrome.ChromeDriver
Capabilities {acceptInsecureCerts: true, browserName: chrome, browserVersion: 129.0.6668.100, chrome: {chromedriverVersion: 129.0.6668.100 (cf58cba358d..., userDataDir: C:\Users\sandunj\AppData\Lo...}, fedcm:accounts: true, goog:chromeOptions: {debuggerAddress: localhost:50386}, javascriptEnabled: true, networkConnectionEnabled: false, pageLoadStrategy: normal, platform: WINDOWS, platformName: WINDOWS, proxy: Proxy(), setWindowRect: true, strictFileInteractability: false, timeouts: {implicit: 0, pageLoad: 300000, script: 30000}, unhandledPromptBehavior: dismiss and notify, webauthn:extension:credBlob: true, webauthn:extension:largeBlob: true, webauthn:extension:minPinLength: true, webauthn:extension:prf: true, webauthn:virtualAuthenticators: true}
Session ID: 4422370ec4a8f0cd5b75959e56ef2738
at java.base/jdk.internal.reflect.NativeConstructorAccessorImpl.newInstance0(Native Method)
at java.base/jdk.internal.reflect.NativeConstructorAccessorImpl.newInstance(NativeConstructorAccessorImpl.java:77)
at java.base/jdk.internal.reflect.DelegatingConstructorAccessorImpl.newInstance(DelegatingConstructorAccessorImpl.java:45)
at java.base/java.lang.reflect.Constructor.newInstanceWithCaller(Constructor.java:499)
at java.base/java.lang.reflect.Constructor.newInstance(Constructor.java:480)
at org.openqa.selenium.remote.http.W3CHttpResponseCodec.createException(W3CHttpResponseCodec.java:187)
at org.openqa.selenium.remote.http.W3CHttpResponseCodec.decode(W3CHttpResponseCodec.java:122)
at org.openqa.selenium.remote.http.W3CHttpResponseCodec.decode(W3CHttpResponseCodec.java:49)
at org.openqa.selenium.remote.HttpCommandExecutor.execute(HttpCommandExecutor.java:158)
at org.openqa.selenium.remote.service.DriverCommandExecutor.execute(DriverCommandExecutor.java:83)
at org.openqa.selenium.remote.RemoteWebDriver.execute(RemoteWebDriver.java:552)
at org.openqa.selenium.remote.RemoteWebElement.execute(RemoteWebElement.java:285)
at org.openqa.selenium.remote.RemoteWebElement.click(RemoteWebElement.java:84)
at pages.NewCampaingSetApprover.confirm_approver(NewCampaingSetApprover.java:51)
at testcases.TC_CreateNewCampaing.setapprover_newcampaiging_confirmation(TC_CreateNewCampaing.java:341)
at java.base/jdk.internal.reflect.NativeMethodAccessorImpl.invoke0(Native Method)
at java.base/jdk.internal.reflect.NativeMethodAccessorImpl.invoke(NativeMethodAccessorImpl.java:77)
at java.base/jdk.internal.reflect.DelegatingMethodAccessorImpl.invoke(DelegatingMethodAccessorImpl.java:43)
at java.base/java.lang.reflect.Method.invoke(Method.java:568)
at org.testng.internal.invokers.MethodInvocationHelper.invokeMethod(MethodInvocationHelper.java:139)
at org.testng.internal.invokers.TestInvoker.invokeMethod(TestInvoker.java:677)
at org.testng.internal.invokers.TestInvoker.invokeTestMethod(TestInvoker.java:221)
at org.testng.internal.invokers.MethodRunner.runInSequence(MethodRunner.java:50)
at org.testng.internal.invokers.TestInvoker$MethodInvocationAgent.invoke(TestInvoker.java:969)
at org.testng.internal.invokers.TestInvoker.invokeTestMethods(TestInvoker.java:194)
at org.testng.internal.invokers.TestMethodWorker.invokeTestMethods(TestMethodWorker.java:148)
at org.testng.internal.invokers.TestMethodWorker.run(TestMethodWorker.java:128)
at java.base/java.util.ArrayList.forEach(ArrayList.java:1511)
at org.testng.TestRunner.privateRun(TestRunner.java:829)
at org.testng.TestRunner.run(TestRunner.java:602)
at org.testng.SuiteRunner.runTest(SuiteRunner.java:437)
at org.testng.SuiteRunner.runSequentially(SuiteRunner.java:431)
at org.testng.SuiteRunner.privateRun(SuiteRunner.java:391)
at org.testng.SuiteRunner.run(SuiteRunner.java:330)
at org.testng.SuiteRunnerWorker.runSuite(SuiteRunnerWorker.java:52)
at org.testng.SuiteRunnerWorker.run(SuiteRunnerWorker.java:95)
at org.testng.TestNG.runSuitesSequentially(TestNG.java:1256)
at org.testng.TestNG.runSuitesLocally(TestNG.java:1176)
at org.testng.TestNG.runSuites(TestNG.java:1099)
at org.testng.TestNG.run(TestNG.java:1067)
at org.testng.remote.AbstractRemoteTestNG.run(AbstractRemoteTestNG.java:115)
at org.testng.remote.RemoteTestNG.initAndRun(RemoteTestNG.java:251)
at org.testng.remote.RemoteTestNG.main(RemoteTestNG.java:77)
]]>
            </full-stacktrace>
          </exception> <!-- org.openqa.selenium.ElementNotInteractableException -->
          <reporter-output>
          </reporter-output>
        </test-method> <!-- setapprover_newcampaiging_confirmation -->
        <test-method is-config="true" signature="afterclass()[pri:0, instance:testcases.TC_CreateNewCampaing@793f29ff]" started-at="2024-10-15T14:49:21 IST" name="afterclass" finished-at="2024-10-15T14:49:21 IST" duration-ms="291" status="PASS">
          <reporter-output>
          </reporter-output>
        </test-method> <!-- afterclass -->
      </class> <!-- testcases.TC_CreateNewCampaing -->
    </test> <!-- Create New Campaing -->
  </suite> <!-- CMSproject -->
</testng-results>
